<?xml version="1.0" encoding="UTF-8"?>
<!-- Generated by org.testng.reporters.JUnitReportReporter -->
<testsuite skipped="0" hostname="DESKTOP-1QP3V0R" name="testScripts.Module2" tests="1" failures="0" timestamp="12 Apr 2019 04:26:57 GMT" time="25.346" errors="0">
  <testcase name="TC201" time="25.346" classname="testScripts.Module2"/>
</testsuite> <!-- testScripts.Module2 -->
